[1113/120521:ERROR:process_reader_win.cc(233)] ReadMemory at 0x763f4f4c of 37 bytes failed: Only part of a ReadProcessMemory or WriteProcessMemory request was completed. (0x12B)
[1113/120521:WARNING:pe_image_reader.cc(155)] could not read debug directory from C:\Windows\SYSTEM32\powrprof.dll
[1113/120521:ERROR:process_reader_win.cc(233)] ReadMemory at 0x76920000 of 64 bytes failed: Only part of a ReadProcessMemory or WriteProcessMemory request was completed. (0x12B)
[1113/120521:WARNING:pe_image_reader.cc(281)] could not read dos header from C:\Windows\SYSTEM32\profapi.dll
[1113/120521:ERROR:process_reader_win.cc(233)] ReadMemory at 0x77200000 of 64 bytes failed: Only part of a ReadProcessMemory or WriteProcessMemory request was completed. (0x12B)
[1113/120521:WARNING:pe_image_reader.cc(281)] could not read dos header from C:\Windows\SYSTEM32\windows.storage.dll
[1113/120521:ERROR:process_reader_win.cc(233)] ReadMemory at 0x74530000 of 64 bytes failed: Only part of a ReadProcessMemory or WriteProcessMemory request was completed. (0x12B)
[1113/120521:WARNING:pe_image_reader.cc(281)] could not read dos header from C:\Windows\SYSTEM32\SHELL32.dll
[1113/120521:ERROR:process_reader_win.cc(233)] ReadMemory at 0x74210000 of 64 bytes failed: Only part of a ReadProcessMemory or WriteProcessMemory request was completed. (0x12B)
[1113/120521:WARNING:pe_image_reader.cc(281)] could not read dos header from C:\Windows\SYSTEM32\WINMMBASE.dll
[1113/120521:ERROR:process_reader_win.cc(233)] ReadMemory at 0x74260000 of 64 bytes failed: Only part of a ReadProcessMemory or WriteProcessMemory request was completed. (0x12B)
[1113/120521:WARNING:pe_image_reader.cc(281)] could not read dos header from C:\Windows\SYSTEM32\WINMM.dll
[1113/120521:ERROR:process_reader_win.cc(233)] ReadMemory at 0x74400000 of 64 bytes failed: Only part of a ReadProcessMemory or WriteProcessMemory request was completed. (0x12B)
[1113/120521:WARNING:pe_image_reader.cc(281)] could not read dos header from C:\Windows\SYSTEM32\WTSAPI32.dll
[1113/120521:ERROR:process_reader_win.cc(233)] ReadMemory at 0x716e0000 of 64 bytes failed: Only part of a ReadProcessMemory or WriteProcessMemory request was completed. (0x12B)
[1113/120521:WARNING:pe_image_reader.cc(281)] could not read dos header from C:\Windows\SYSTEM32\WINHTTP.dll
[1113/120521:ERROR:process_reader_win.cc(233)] ReadMemory at 0x742a0000 of 64 bytes failed: Only part of a ReadProcessMemory or WriteProcessMemory request was completed. (0x12B)
[1113/120521:WARNING:pe_image_reader.cc(281)] could not read dos header from C:\Windows\SYSTEM32\dbghelp.dll
[1113/120521:ERROR:process_reader_win.cc(233)] ReadMemory at 0x75b60000 of 64 bytes failed: Only part of a ReadProcessMemory or WriteProcessMemory request was completed. (0x12B)
[1113/120521:WARNING:pe_image_reader.cc(281)] could not read dos header from C:\Windows\SYSTEM32\ole32.dll
[1113/120521:ERROR:process_reader_win.cc(233)] ReadMemory at 0x76c90000 of 64 bytes failed: Only part of a ReadProcessMemory or WriteProcessMemory request was completed. (0x12B)
[1113/120521:WARNING:pe_image_reader.cc(281)] could not read dos header from C:\Windows\SYSTEM32\OLEAUT32.dll
[1113/120521:ERROR:process_reader_win.cc(233)] ReadMemory at 0x77080000 of 64 bytes failed: Only part of a ReadProcessMemory or WriteProcessMemory request was completed. (0x12B)
[1113/120521:WARNING:pe_image_reader.cc(281)] could not read dos header from C:\Windows\SYSTEM32\PSAPI.DLL
[1113/120521:ERROR:process_reader_win.cc(233)] ReadMemory at 0x76c30000 of 64 bytes failed: Only part of a ReadProcessMemory or WriteProcessMemory request was completed. (0x12B)
[1113/120521:WARNING:pe_image_reader.cc(281)] could not read dos header from C:\Windows\SYSTEM32\WS2_32.dll
[1113/120521:ERROR:process_reader_win.cc(233)] ReadMemory at 0x72d70000 of 64 bytes failed: Only part of a ReadProcessMemory or WriteProcessMemory request was completed. (0x12B)
[1113/120521:WARNING:pe_image_reader.cc(281)] could not read dos header from C:\Windows\WinSxS\x86_microsoft.windows.common-controls_6595b64144ccf1df_6.0.10586.0_none_d3c2e4e965da4528\COMCTL32.dll
[1113/120521:ERROR:process_reader_win.cc(233)] ReadMemory at 0x76440000 of 64 bytes failed: Only part of a ReadProcessMemory or WriteProcessMemory request was completed. (0x12B)
[1113/120521:WARNING:pe_image_reader.cc(281)] could not read dos header from C:\Windows\SYSTEM32\FirewallAPI.dll
[1113/120521:ERROR:process_reader_win.cc(233)] ReadMemory at 0x604b0000 of 64 bytes failed: Only part of a ReadProcessMemory or WriteProcessMemory request was completed. (0x12B)
[1113/120521:WARNING:pe_image_reader.cc(281)] could not read dos header from C:\Windows\SYSTEM32\fwbase.dll
[1113/120521:ERROR:process_reader_win.cc(233)] ReadMemory at 0x768b0000 of 64 bytes failed: Only part of a ReadProcessMemory or WriteProcessMemory request was completed. (0x12B)
[1113/120521:WARNING:pe_image_reader.cc(281)] could not read dos header from C:\Windows\SYSTEM32\NETAPI32.dll
[1113/120521:ERROR:process_reader_win.cc(233)] ReadMemory at 0x69f60000 of 64 bytes failed: Only part of a ReadProcessMemory or WriteProcessMemory request was completed. (0x12B)
[1113/120521:WARNING:pe_image_reader.cc(281)] could not read dos header from C:\Windows\SYSTEM32\DAVHLPR.DLL
[1113/120521:ERROR:process_reader_win.cc(233)] ReadMemory at 0x76590000 of 64 bytes failed: Only part of a ReadProcessMemory or WriteProcessMemory request was completed. (0x12B)
[1113/120521:WARNING:pe_image_reader.cc(281)] could not read dos header from C:\Windows\SYSTEM32\COMDLG32.dll
[1113/120521:ERROR:process_reader_win.cc(233)] ReadMemory at 0x601c0000 of 64 bytes failed: Only part of a ReadProcessMemory or WriteProcessMemory request was completed. (0x12B)
[1113/120521:WARNING:pe_image_reader.cc(281)] could not read dos header from C:\Windows\SYSTEM32\USP10.dll
[1113/120521:ERROR:process_reader_win.cc(233)] ReadMemory at 0x73cc0000 of 64 bytes failed: Only part of a ReadProcessMemory or WriteProcessMemory request was completed. (0x12B)
[1113/120521:WARNING:pe_image_reader.cc(281)] could not read dos header from C:\Windows\SYSTEM32\bcrypt.dll
[1113/120521:ERROR:process_reader_win.cc(233)] ReadMemory at 0x73320000 of 64 bytes failed: Only part of a ReadProcessMemory or WriteProcessMemory request was completed. (0x12B)
[1113/120521:WARNING:pe_image_reader.cc(281)] could not read dos header from C:\Windows\SYSTEM32\WINSPOOL.DRV
[1113/120521:ERROR:process_reader_win.cc(233)] ReadMemory at 0x73f90000 of 64 bytes failed: Only part of a ReadProcessMemory or WriteProcessMemory request was completed. (0x12B)
[1113/120521:WARNING:pe_image_reader.cc(281)] could not read dos header from C:\Windows\SYSTEM32\IPHLPAPI.DLL
[1113/120521:ERROR:process_reader_win.cc(233)] ReadMemory at 0x72cf0000 of 64 bytes failed: Only part of a ReadProcessMemory or WriteProcessMemory request was completed. (0x12B)
[1113/120521:WARNING:pe_image_reader.cc(281)] could not read dos header from C:\Windows\SYSTEM32\Secur32.dll
[1113/120521:ERROR:process_reader_win.cc(233)] ReadMemory at 0x65640000 of 64 bytes failed: Only part of a ReadProcessMemory or WriteProcessMemory request was completed. (0x12B)
[1113/120521:WARNING:pe_image_reader.cc(281)] could not read dos header from C:\Windows\SYSTEM32\DWrite.dll
[1113/120521:ERROR:process_reader_win.cc(233)] ReadMemory at 0x76d40000 of 64 bytes failed: Only part of a ReadProcessMemory or WriteProcessMemory request was completed. (0x12B)
[1113/120521:WARNING:pe_image_reader.cc(281)] could not read dos header from C:\Windows\SYSTEM32\MSASN1.dll
[1113/120521:ERROR:process_reader_win.cc(233)] ReadMemory at 0x76dd0000 of 64 bytes failed: Only part of a ReadProcessMemory or WriteProcessMemory request was completed. (0x12B)
[1113/120521:WARNING:pe_image_reader.cc(281)] could not read dos header from C:\Windows\SYSTEM32\CRYPT32.dll
[1113/120521:ERROR:process_reader_win.cc(233)] ReadMemory at 0x75c50000 of 64 bytes failed: Only part of a ReadProcessMemory or WriteProcessMemory request was completed. (0x12B)
[1113/120521:WARNING:pe_image_reader.cc(281)] could not read dos header from C:\Windows\SYSTEM32\WINTRUST.dll
[1113/120521:ERROR:process_reader_win.cc(233)] ReadMemory at 0x55dc0000 of 64 bytes failed: Only part of a ReadProcessMemory or WriteProcessMemory request was completed. (0x12B)
[1113/120521:WARNING:pe_image_reader.cc(281)] could not read dos header from C:\Program Files (x86)\Google\Chrome\Application\54.0.2840.99\chrome_child.dll
[1113/120521:ERROR:process_reader_win.cc(233)] ReadMemory at 0x7780ab80 of 5888 bytes failed: Only part of a ReadProcessMemory or WriteProcessMemory request was completed. (0x12B)
[1113/120521:ERROR:process_reader_win.cc(233)] ReadMemory at 0x970000 of 64 bytes failed: Only part of a ReadProcessMemory or WriteProcessMemory request was completed. (0x12B)
[1113/120521:WARNING:pe_image_reader.cc(281)] could not read dos header from C:\Program Files (x86)\Google\Chrome\Application\chrome.exe
[1113/120521:ERROR:process_reader_win.cc(233)] ReadMemory at 0x77700000 of 64 bytes failed: Only part of a ReadProcessMemory or WriteProcessMemory request was completed. (0x12B)
[1113/120521:WARNING:pe_image_reader.cc(281)] could not read dos header from C:\Windows\SYSTEM32\ntdll.dll
[1113/120521:ERROR:process_reader_win.cc(233)] ReadMemory at 0x75d00000 of 64 bytes failed: Only part of a ReadProcessMemory or WriteProcessMemory request was completed. (0x12B)
[1113/120521:WARNING:pe_image_reader.cc(281)] could not read dos header from C:\Windows\SYSTEM32\KERNELBASE.dll
[1113/120521:ERROR:process_reader_win.cc(233)] ReadMemory at 0x74450000 of 64 bytes failed: Only part of a ReadProcessMemory or WriteProcessMemory request was completed. (0x12B)
[1113/120521:WARNING:pe_image_reader.cc(281)] could not read dos header from C:\Windows\SYSTEM32\KERNEL32.DLL
[1113/120521:ERROR:process_reader_win.cc(233)] ReadMemory at 0x73ce0000 of 64 bytes failed: Only part of a ReadProcessMemory or WriteProcessMemory request was completed. (0x12B)
[1113/120521:WARNING:pe_image_reader.cc(281)] could not read dos header from C:\Windows\system32\apphelp.dll
[1113/120521:ERROR:process_reader_win.cc(233)] ReadMemory at 0x76b10000 of 64 bytes failed: Only part of a ReadProcessMemory or WriteProcessMemory request was completed. (0x12B)
[1113/120521:WARNING:pe_image_reader.cc(281)] could not read dos header from C:\Windows\SYSTEM32\msvcrt.dll
[1113/120521:ERROR:process_reader_win.cc(233)] ReadMemory at 0x75b00000 of 64 bytes failed: Only part of a ReadProcessMemory or WriteProcessMemory request was completed. (0x12B)
[1113/120521:WARNING:pe_image_reader.cc(281)] could not read dos header from C:\Windows\SYSTEM32\bcryptPrimitives.dll
[1113/120521:ERROR:process_reader_win.cc(233)] ReadMemory at 0x74420000 of 64 bytes failed: Only part of a ReadProcessMemory or WriteProcessMemory request was completed. (0x12B)
[1113/120521:WARNING:pe_image_reader.cc(281)] could not read dos header from C:\Windows\SYSTEM32\CRYPTBASE.dll
[1113/120521:ERROR:process_reader_win.cc(233)] ReadMemory at 0x74430000 of 64 bytes failed: Only part of a ReadProcessMemory or WriteProcessMemory request was completed. (0x12B)
[1113/120521:WARNING:pe_image_reader.cc(281)] could not read dos header from C:\Windows\SYSTEM32\SspiCli.dll
[1113/120521:ERROR:process_reader_win.cc(233)] ReadMemory at 0x76800000 of 64 bytes failed: Only part of a ReadProcessMemory or WriteProcessMemory request was completed. (0x12B)
[1113/120521:WARNING:pe_image_reader.cc(281)] could not read dos header from C:\Windows\SYSTEM32\RPCRT4.dll
[1113/120521:ERROR:process_reader_win.cc(233)] ReadMemory at 0x768d0000 of 64 bytes failed: Only part of a ReadProcessMemory or WriteProcessMemory request was completed. (0x12B)
[1113/120521:WARNING:pe_image_reader.cc(281)] could not read dos header from C:\Windows\SYSTEM32\sechost.dll
[1113/120521:ERROR:process_reader_win.cc(233)] ReadMemory at 0x76d50000 of 64 bytes failed: Only part of a ReadProcessMemory or WriteProcessMemory request was completed. (0x12B)
[1113/120521:WARNING:pe_image_reader.cc(281)] could not read dos header from C:\Windows\SYSTEM32\ADVAPI32.dll
[1113/120521:ERROR:process_reader_win.cc(233)] ReadMemory at 0x74410000 of 64 bytes failed: Only part of a ReadProcessMemory or WriteProcessMemory request was completed. (0x12B)
[1113/120521:WARNING:pe_image_reader.cc(281)] could not read dos header from C:\Windows\SYSTEM32\VERSION.dll
[1113/120521:ERROR:process_reader_win.cc(233)] ReadMemory at 0x5b4d0000 of 64 bytes failed: Only part of a ReadProcessMemory or WriteProcessMemory request was completed. (0x12B)
[1113/120521:WARNING:pe_image_reader.cc(281)] could not read dos header from C:\Program Files (x86)\Google\Chrome\Application\54.0.2840.99\chrome_elf.dll
[1113/120521:ERROR:process_reader_win.cc(233)] ReadMemory at 0x763b0000 of 64 bytes failed: Only part of a ReadProcessMemory or WriteProcessMemory request was completed. (0x12B)
[1113/120521:WARNING:pe_image_reader.cc(281)] could not read dos header from C:\Windows\SYSTEM32\cfgmgr32.dll
[1113/120521:ERROR:process_reader_win.cc(233)] ReadMemory at 0x75930000 of 64 bytes failed: Only part of a ReadProcessMemory or WriteProcessMemory request was completed. (0x12B)
[1113/120521:WARNING:pe_image_reader.cc(281)] could not read dos header from C:\Windows\SYSTEM32\combase.dll
[1113/120521:ERROR:process_reader_win.cc(233)] ReadMemory at 0x766b0000 of 64 bytes failed: Only part of a ReadProcessMemory or WriteProcessMemory request was completed. (0x12B)
[1113/120521:WARNING:pe_image_reader.cc(281)] could not read dos header from C:\Windows\SYSTEM32\USER32.dll
[1113/120521:ERROR:process_reader_win.cc(233)] ReadMemory at 0x76930000 of 64 bytes failed: Only part of a ReadProcessMemory or WriteProcessMemory request was completed. (0x12B)
[1113/120521:WARNING:pe_image_reader.cc(281)] could not read dos header from C:\Windows\SYSTEM32\GDI32.dll
[1113/120521:ERROR:process_reader_win.cc(233)] ReadMemory at 0x75e80000 of 64 bytes failed: Only part of a ReadProcessMemory or WriteProcessMemory request was completed. (0x12B)
[1113/120521:WARNING:pe_image_reader.cc(281)] could not read dos header from C:\Windows\SYSTEM32\IMM32.DLL
[1113/120521:ERROR:process_reader_win.cc(233)] ReadMemory at 0x76540000 of 64 bytes failed: Only part of a ReadProcessMemory or WriteProcessMemory request was completed. (0x12B)
[1113/120521:WARNING:pe_image_reader.cc(281)] could not read dos header from C:\Windows\SYSTEM32\shlwapi.dll
[1113/120521:ERROR:process_reader_win.cc(233)] ReadMemory at 0x75af0000 of 64 bytes failed: Only part of a ReadProcessMemory or WriteProcessMemory request was completed. (0x12B)
[1113/120521:WARNING:pe_image_reader.cc(281)] could not read dos header from C:\Windows\SYSTEM32\kernel.appcore.dll
[1113/120521:ERROR:process_reader_win.cc(233)] ReadMemory at 0x76a80000 of 64 bytes failed: Only part of a ReadProcessMemory or WriteProcessMemory request was completed. (0x12B)
[1113/120521:WARNING:pe_image_reader.cc(281)] could not read dos header from C:\Windows\SYSTEM32\shcore.dll
[1113/120521:ERROR:process_reader_win.cc(233)] ReadMemory at 0x763f0000 of 64 bytes failed: Only part of a ReadProcessMemory or WriteProcessMemory request was completed. (0x12B)
[1113/120521:WARNING:pe_image_reader.cc(281)] could not read dos header from C:\Windows\SYSTEM32\powrprof.dll
[1113/120521:ERROR:process_reader_win.cc(233)] ReadMemory at 0x76920000 of 64 bytes failed: Only part of a ReadProcessMemory or WriteProcessMemory request was completed. (0x12B)
[1113/120521:WARNING:pe_image_reader.cc(281)] could not read dos header from C:\Windows\SYSTEM32\profapi.dll
[1113/120521:ERROR:process_reader_win.cc(233)] ReadMemory at 0x77200000 of 64 bytes failed: Only part of a ReadProcessMemory or WriteProcessMemory request was completed. (0x12B)
[1113/120521:WARNING:pe_image_reader.cc(281)] could not read dos header from C:\Windows\SYSTEM32\windows.storage.dll
[1113/120521:ERROR:process_reader_win.cc(233)] ReadMemory at 0x74530000 of 64 bytes failed: Only part of a ReadProcessMemory or WriteProcessMemory request was completed. (0x12B)
[1113/120521:WARNING:pe_image_reader.cc(281)] could not read dos header from C:\Windows\SYSTEM32\SHELL32.dll
[1113/120521:ERROR:process_reader_win.cc(233)] ReadMemory at 0x74210000 of 64 bytes failed: Only part of a ReadProcessMemory or WriteProcessMemory request was completed. (0x12B)
[1113/120521:WARNING:pe_image_reader.cc(281)] could not read dos header from C:\Windows\SYSTEM32\WINMMBASE.dll
[1113/120521:ERROR:process_reader_win.cc(233)] ReadMemory at 0x74260000 of 64 bytes failed: Only part of a ReadProcessMemory or WriteProcessMemory request was completed. (0x12B)
[1113/120521:WARNING:pe_image_reader.cc(281)] could not read dos header from C:\Windows\SYSTEM32\WINMM.dll
[1113/120521:ERROR:process_reader_win.cc(233)] ReadMemory at 0x74400000 of 64 bytes failed: Only part of a ReadProcessMemory or WriteProcessMemory request was completed. (0x12B)
[1113/120521:WARNING:pe_image_reader.cc(281)] could not read dos header from C:\Windows\SYSTEM32\WTSAPI32.dll
[1113/120521:ERROR:process_reader_win.cc(233)] ReadMemory at 0x716e0000 of 64 bytes failed: Only part of a ReadProcessMemory or WriteProcessMemory request was completed. (0x12B)
[1113/120521:WARNING:pe_image_reader.cc(281)] could not read dos header from C:\Windows\SYSTEM32\WINHTTP.dll
[1113/120521:ERROR:process_reader_win.cc(233)] ReadMemory at 0x742a0000 of 64 bytes failed: Only part of a ReadProcessMemory or WriteProcessMemory request was completed. (0x12B)
[1113/120521:WARNING:pe_image_reader.cc(281)] could not read dos header from C:\Windows\SYSTEM32\dbghelp.dll
[1113/120521:ERROR:process_reader_win.cc(233)] ReadMemory at 0x75b60000 of 64 bytes failed: Only part of a ReadProcessMemory or WriteProcessMemory request was completed. (0x12B)
[1113/120521:WARNING:pe_image_reader.cc(281)] could not read dos header from C:\Windows\SYSTEM32\ole32.dll
[1113/120521:ERROR:process_reader_win.cc(233)] ReadMemory at 0x76c90000 of 64 bytes failed: Only part of a ReadProcessMemory or WriteProcessMemory request was completed. (0x12B)
[1113/120521:WARNING:pe_image_reader.cc(281)] could not read dos header from C:\Windows\SYSTEM32\OLEAUT32.dll
[1113/120521:ERROR:process_reader_win.cc(233)] ReadMemory at 0x77080000 of 64 bytes failed: Only part of a ReadProcessMemory or WriteProcessMemory request was completed. (0x12B)
[1113/120521:WARNING:pe_image_reader.cc(281)] could not read dos header from C:\Windows\SYSTEM32\PSAPI.DLL
[1113/120521:ERROR:process_reader_win.cc(233)] ReadMemory at 0x76c30000 of 64 bytes failed: Only part of a ReadProcessMemory or WriteProcessMemory request was completed. (0x12B)
[1113/120521:WARNING:pe_image_reader.cc(281)] could not read dos header from C:\Windows\SYSTEM32\WS2_32.dll
[1113/120521:ERROR:process_reader_win.cc(233)] ReadMemory at 0x72d70000 of 64 bytes failed: Only part of a ReadProcessMemory or WriteProcessMemory request was completed. (0x12B)
[1113/120521:WARNING:pe_image_reader.cc(281)] could not read dos header from C:\Windows\WinSxS\x86_microsoft.windows.common-controls_6595b64144ccf1df_6.0.10586.0_none_d3c2e4e965da4528\COMCTL32.dll
[1113/120521:ERROR:process_reader_win.cc(233)] ReadMemory at 0x76440000 of 64 bytes failed: Only part of a ReadProcessMemory or WriteProcessMemory request was completed. (0x12B)
[1113/120521:WARNING:pe_image_reader.cc(281)] could not read dos header from C:\Windows\SYSTEM32\FirewallAPI.dll
[1113/120521:ERROR:process_reader_win.cc(233)] ReadMemory at 0x604b0000 of 64 bytes failed: Only part of a ReadProcessMemory or WriteProcessMemory request was completed. (0x12B)
[1113/120521:WARNING:pe_image_reader.cc(281)] could not read dos header from C:\Windows\SYSTEM32\fwbase.dll
[1113/120521:ERROR:process_reader_win.cc(233)] ReadMemory at 0x768b0000 of 64 bytes failed: Only part of a ReadProcessMemory or WriteProcessMemory request was completed. (0x12B)
[1113/120521:WARNING:pe_image_reader.cc(281)] could not read dos header from C:\Windows\SYSTEM32\NETAPI32.dll
[1113/120521:ERROR:process_reader_win.cc(233)] ReadMemory at 0x69f60000 of 64 bytes failed: Only part of a ReadProcessMemory or WriteProcessMemory request was completed. (0x12B)
[1113/120521:WARNING:pe_image_reader.cc(281)] could not read dos header from C:\Windows\SYSTEM32\DAVHLPR.DLL
[1113/120521:ERROR:process_reader_win.cc(233)] ReadMemory at 0x76590000 of 64 bytes failed: Only part of a ReadProcessMemory or WriteProcessMemory request was completed. (0x12B)
[1113/120521:WARNING:pe_image_reader.cc(281)] could not read dos header from C:\Windows\SYSTEM32\COMDLG32.dll
[1113/120521:ERROR:process_reader_win.cc(233)] ReadMemory at 0x601c0000 of 64 bytes failed: Only part of a ReadProcessMemory or WriteProcessMemory request was completed. (0x12B)
[1113/120521:WARNING:pe_image_reader.cc(281)] could not read dos header from C:\Windows\SYSTEM32\USP10.dll
[1113/120521:ERROR:process_reader_win.cc(233)] ReadMemory at 0x73cc0000 of 64 bytes failed: Only part of a ReadProcessMemory or WriteProcessMemory request was completed. (0x12B)
[1113/120521:WARNING:pe_image_reader.cc(281)] could not read dos header from C:\Windows\SYSTEM32\bcrypt.dll
[1113/120521:ERROR:process_reader_win.cc(233)] ReadMemory at 0x73320000 of 64 bytes failed: Only part of a ReadProcessMemory or WriteProcessMemory request was completed. (0x12B)
[1113/120521:WARNING:pe_image_reader.cc(281)] could not read dos header from C:\Windows\SYSTEM32\WINSPOOL.DRV
[1113/120521:ERROR:process_reader_win.cc(233)] ReadMemory at 0x73f90000 of 64 bytes failed: Only part of a ReadProcessMemory or WriteProcessMemory request was completed. (0x12B)
[1113/120521:WARNING:pe_image_reader.cc(281)] could not read dos header from C:\Windows\SYSTEM32\IPHLPAPI.DLL
[1113/120521:ERROR:process_reader_win.cc(233)] ReadMemory at 0x72cf0000 of 64 bytes failed: Only part of a ReadProcessMemory or WriteProcessMemory request was completed. (0x12B)
[1113/120521:WARNING:pe_image_reader.cc(281)] could not read dos header from C:\Windows\SYSTEM32\Secur32.dll
[1113/120521:ERROR:process_reader_win.cc(233)] ReadMemory at 0x65640000 of 64 bytes failed: Only part of a ReadProcessMemory or WriteProcessMemory request was completed. (0x12B)
[1113/120521:WARNING:pe_image_reader.cc(281)] could not read dos header from C:\Windows\SYSTEM32\DWrite.dll
[1113/120521:ERROR:process_reader_win.cc(233)] ReadMemory at 0x76d40000 of 64 bytes failed: Only part of a ReadProcessMemory or WriteProcessMemory request was completed. (0x12B)
[1113/120521:WARNING:pe_image_reader.cc(281)] could not read dos header from C:\Windows\SYSTEM32\MSASN1.dll
[1113/120521:ERROR:process_reader_win.cc(233)] ReadMemory at 0x76dd0000 of 64 bytes failed: Only part of a ReadProcessMemory or WriteProcessMemory request was completed. (0x12B)
[1113/120521:WARNING:pe_image_reader.cc(281)] could not read dos header from C:\Windows\SYSTEM32\CRYPT32.dll
[1113/120521:ERROR:process_reader_win.cc(233)] ReadMemory at 0x75c50000 of 64 bytes failed: Only part of a ReadProcessMemory or WriteProcessMemory request was completed. (0x12B)
[1113/120521:WARNING:pe_image_reader.cc(281)] could not read dos header from C:\Windows\SYSTEM32\WINTRUST.dll
[1113/120521:ERROR:process_reader_win.cc(233)] ReadMemory at 0x55dc0000 of 64 bytes failed: Only part of a ReadProcessMemory or WriteProcessMemory request was completed. (0x12B)
[1113/120521:WARNING:pe_image_reader.cc(281)] could not read dos header from C:\Program Files (x86)\Google\Chrome\Application\54.0.2840.99\chrome_child.dll
[1113/120521:ERROR:process_reader_win.cc(233)] ReadMemory at 0x970000 of 64 bytes failed: Only part of a ReadProcessMemory or WriteProcessMemory request was completed. (0x12B)
[1113/120521:WARNING:pe_image_reader.cc(281)] could not read dos header from C:\Program Files (x86)\Google\Chrome\Application\chrome.exe
[1113/120521:ERROR:process_reader_win.cc(233)] ReadMemory at 0x77700000 of 64 bytes failed: Only part of a ReadProcessMemory or WriteProcessMemory request was completed. (0x12B)
[1113/120521:WARNING:pe_image_reader.cc(281)] could not read dos header from C:\Windows\SYSTEM32\ntdll.dll
[1113/120521:ERROR:process_reader_win.cc(233)] ReadMemory at 0x75d00000 of 64 bytes failed: Only part of a ReadProcessMemory or WriteProcessMemory request was completed. (0x12B)
[1113/120521:WARNING:pe_image_reader.cc(281)] could not read dos header from C:\Windows\SYSTEM32\KERNELBASE.dll
[1113/120521:ERROR:process_reader_win.cc(233)] ReadMemory at 0x74450000 of 64 bytes failed: Only part of a ReadProcessMemory or WriteProcessMemory request was completed. (0x12B)
[1113/120521:WARNING:pe_image_reader.cc(281)] could not read dos header from C:\Windows\SYSTEM32\KERNEL32.DLL
[1113/120521:ERROR:process_reader_win.cc(233)] ReadMemory at 0x73ce0000 of 64 bytes failed: Only part of a ReadProcessMemory or WriteProcessMemory request was completed. (0x12B)
[1113/120521:WARNING:pe_image_reader.cc(281)] could not read dos header from C:\Windows\system32\apphelp.dll
[1113/120521:ERROR:process_reader_win.cc(233)] ReadMemory at 0x76b10000 of 64 bytes failed: Only part of a ReadProcessMemory or WriteProcessMemory request was completed. (0x12B)
[1113/120521:WARNING:pe_image_reader.cc(281)] could not read dos header from C:\Windows\SYSTEM32\msvcrt.dll
[1113/120521:ERROR:process_reader_win.cc(233)] ReadMemory at 0x75b00000 of 64 bytes failed: Only part of a ReadProcessMemory or WriteProcessMemory request was completed. (0x12B)
[1113/120521:WARNING:pe_image_reader.cc(281)] could not read dos header from C:\Windows\SYSTEM32\bcryptPrimitives.dll
[1113/120521:ERROR:process_reader_win.cc(233)] ReadMemory at 0x74420000 of 64 bytes failed: Only part of a ReadProcessMemory or WriteProcessMemory request was completed. (0x12B)
[1113/120521:WARNING:pe_image_reader.cc(281)] could not read dos header from C:\Windows\SYSTEM32\CRYPTBASE.dll
[1113/120521:ERROR:process_reader_win.cc(233)] ReadMemory at 0x74430000 of 64 bytes failed: Only part of a ReadProcessMemory or WriteProcessMemory request was completed. (0x12B)
[1113/120521:WARNING:pe_image_reader.cc(281)] could not read dos header from C:\Windows\SYSTEM32\SspiCli.dll
[1113/120521:ERROR:process_reader_win.cc(233)] ReadMemory at 0x76800000 of 64 bytes failed: Only part of a ReadProcessMemory or WriteProcessMemory request was completed. (0x12B)
[1113/120521:WARNING:pe_image_reader.cc(281)] could not read dos header from C:\Windows\SYSTEM32\RPCRT4.dll
[1113/120521:ERROR:process_reader_win.cc(233)] ReadMemory at 0x768d0000 of 64 bytes failed: Only part of a ReadProcessMemory or WriteProcessMemory request was completed. (0x12B)
[1113/120521:WARNING:pe_image_reader.cc(281)] could not read dos header from C:\Windows\SYSTEM32\sechost.dll
[1113/120521:ERROR:process_reader_win.cc(233)] ReadMemory at 0x76d50000 of 64 bytes failed: Only part of a ReadProcessMemory or WriteProcessMemory request was completed. (0x12B)
[1113/120521:WARNING:pe_image_reader.cc(281)] could not read dos header from C:\Windows\SYSTEM32\ADVAPI32.dll
[1113/120521:ERROR:process_reader_win.cc(233)] ReadMemory at 0x74410000 of 64 bytes failed: Only part of a ReadProcessMemory or WriteProcessMemory request was completed. (0x12B)
[1113/120521:WARNING:pe_image_reader.cc(281)] could not read dos header from C:\Windows\SYSTEM32\VERSION.dll
[1113/120521:ERROR:process_reader_win.cc(233)] ReadMemory at 0x5b4d0000 of 64 bytes failed: Only part of a ReadProcessMemory or WriteProcessMemory request was completed. (0x12B)
[1113/120521:WARNING:pe_image_reader.cc(281)] could not read dos header from C:\Program Files (x86)\Google\Chrome\Application\54.0.2840.99\chrome_elf.dll
[1113/120521:ERROR:process_reader_win.cc(233)] ReadMemory at 0x763b0000 of 64 bytes failed: Only part of a ReadProcessMemory or WriteProcessMemory request was completed. (0x12B)
[1113/120521:WARNING:pe_image_reader.cc(281)] could not read dos header from C:\Windows\SYSTEM32\cfgmgr32.dll
[1113/120521:ERROR:process_reader_win.cc(233)] ReadMemory at 0x75930000 of 64 bytes failed: Only part of a ReadProcessMemory or WriteProcessMemory request was completed. (0x12B)
[1113/120521:WARNING:pe_image_reader.cc(281)] could not read dos header from C:\Windows\SYSTEM32\combase.dll
[1113/120521:ERROR:process_reader_win.cc(233)] ReadMemory at 0x766b0000 of 64 bytes failed: Only part of a ReadProcessMemory or WriteProcessMemory request was completed. (0x12B)
[1113/120521:WARNING:pe_image_reader.cc(281)] could not read dos header from C:\Windows\SYSTEM32\USER32.dll
[1113/120521:ERROR:process_reader_win.cc(233)] ReadMemory at 0x76930000 of 64 bytes failed: Only part of a ReadProcessMemory or WriteProcessMemory request was completed. (0x12B)
[1113/120521:WARNING:pe_image_reader.cc(281)] could not read dos header from C:\Windows\SYSTEM32\GDI32.dll
[1113/120521:ERROR:process_reader_win.cc(233)] ReadMemory at 0x75e80000 of 64 bytes failed: Only part of a ReadProcessMemory or WriteProcessMemory request was completed. (0x12B)
[1113/120521:WARNING:pe_image_reader.cc(281)] could not read dos header from C:\Windows\SYSTEM32\IMM32.DLL
[1113/120521:ERROR:process_reader_win.cc(233)] ReadMemory at 0x76540000 of 64 bytes failed: Only part of a ReadProcessMemory or WriteProcessMemory request was completed. (0x12B)
[1113/120521:WARNING:pe_image_reader.cc(281)] could not read dos header from C:\Windows\SYSTEM32\shlwapi.dll
[1113/120521:ERROR:process_reader_win.cc(233)] ReadMemory at 0x75af0000 of 64 bytes failed: Only part of a ReadProcessMemory or WriteProcessMemory request was completed. (0x12B)
[1113/120521:WARNING:pe_image_reader.cc(281)] could not read dos header from C:\Windows\SYSTEM32\kernel.appcore.dll
[1113/120521:ERROR:process_reader_win.cc(233)] ReadMemory at 0x76a80000 of 64 bytes failed: Only part of a ReadProcessMemory or WriteProcessMemory request was completed. (0x12B)
[1113/120521:WARNING:pe_image_reader.cc(281)] could not read dos header from C:\Windows\SYSTEM32\shcore.dll
[1113/120521:ERROR:process_reader_win.cc(233)] ReadMemory at 0x763f0000 of 64 bytes failed: Only part of a ReadProcessMemory or WriteProcessMemory request was completed. (0x12B)
[1113/120521:WARNING:pe_image_reader.cc(281)] could not read dos header from C:\Windows\SYSTEM32\powrprof.dll
[1113/120521:ERROR:process_reader_win.cc(233)] ReadMemory at 0x76920000 of 64 bytes failed: Only part of a ReadProcessMemory or WriteProcessMemory request was completed. (0x12B)
[1113/120521:WARNING:pe_image_reader.cc(281)] could not read dos header from C:\Windows\SYSTEM32\profapi.dll
[1113/120521:ERROR:process_reader_win.cc(233)] ReadMemory at 0x77200000 of 64 bytes failed: Only part of a ReadProcessMemory or WriteProcessMemory request was completed. (0x12B)
[1113/120521:WARNING:pe_image_reader.cc(281)] could not read dos header from C:\Windows\SYSTEM32\windows.storage.dll
[1113/120521:ERROR:process_reader_win.cc(233)] ReadMemory at 0x74530000 of 64 bytes failed: Only part of a ReadProcessMemory or WriteProcessMemory request was completed. (0x12B)
[1113/120521:WARNING:pe_image_reader.cc(281)] could not read dos header from C:\Windows\SYSTEM32\SHELL32.dll
[1113/120521:ERROR:process_reader_win.cc(233)] ReadMemory at 0x74210000 of 64 bytes failed: Only part of a ReadProcessMemory or WriteProcessMemory request was completed. (0x12B)
[1113/120521:WARNING:pe_image_reader.cc(281)] could not read dos header from C:\Windows\SYSTEM32\WINMMBASE.dll
[1113/120521:ERROR:process_reader_win.cc(233)] ReadMemory at 0x74260000 of 64 bytes failed: Only part of a ReadProcessMemory or WriteProcessMemory request was completed. (0x12B)
[1113/120521:WARNING:pe_image_reader.cc(281)] could not read dos header from C:\Windows\SYSTEM32\WINMM.dll
[1113/120521:ERROR:process_reader_win.cc(233)] ReadMemory at 0x74400000 of 64 bytes failed: Only part of a ReadProcessMemory or WriteProcessMemory request was completed. (0x12B)
[1113/120521:WARNING:pe_image_reader.cc(281)] could not read dos header from C:\Windows\SYSTEM32\WTSAPI32.dll
[1113/120521:ERROR:process_reader_win.cc(233)] ReadMemory at 0x716e0000 of 64 bytes failed: Only part of a ReadProcessMemory or WriteProcessMemory request was completed. (0x12B)
[1113/120521:WARNING:pe_image_reader.cc(281)] could not read dos header from C:\Windows\SYSTEM32\WINHTTP.dll
[1113/120521:ERROR:process_reader_win.cc(233)] ReadMemory at 0x742a0000 of 64 bytes failed: Only part of a ReadProcessMemory or WriteProcessMemory request was completed. (0x12B)
[1113/120521:WARNING:pe_image_reader.cc(281)] could not read dos header from C:\Windows\SYSTEM32\dbghelp.dll
[1113/120521:ERROR:process_reader_win.cc(233)] ReadMemory at 0x75b60000 of 64 bytes failed: Only part of a ReadProcessMemory or WriteProcessMemory request was completed. (0x12B)
[1113/120521:WARNING:pe_image_reader.cc(281)] could not read dos header from C:\Windows\SYSTEM32\ole32.dll
[1113/120521:ERROR:process_reader_win.cc(233)] ReadMemory at 0x76c90000 of 64 bytes failed: Only part of a ReadProcessMemory or WriteProcessMemory request was completed. (0x12B)
[1113/120521:WARNING:pe_image_reader.cc(281)] could not read dos header from C:\Windows\SYSTEM32\OLEAUT32.dll
[1113/120521:ERROR:process_reader_win.cc(233)] ReadMemory at 0x77080000 of 64 bytes failed: Only part of a ReadProcessMemory or WriteProcessMemory request was completed. (0x12B)
[1113/120521:WARNING:pe_image_reader.cc(281)] could not read dos header from C:\Windows\SYSTEM32\PSAPI.DLL
[1113/120521:ERROR:process_reader_win.cc(233)] ReadMemory at 0x76c30000 of 64 bytes failed: Only part of a ReadProcessMemory or WriteProcessMemory request was completed. (0x12B)
[1113/120521:WARNING:pe_image_reader.cc(281)] could not read dos header from C:\Windows\SYSTEM32\WS2_32.dll
[1113/120521:ERROR:process_reader_win.cc(233)] ReadMemory at 0x72d70000 of 64 bytes failed: Only part of a ReadProcessMemory or WriteProcessMemory request was completed. (0x12B)
[1113/120521:WARNING:pe_image_reader.cc(281)] could not read dos header from C:\Windows\WinSxS\x86_microsoft.windows.common-controls_6595b64144ccf1df_6.0.10586.0_none_d3c2e4e965da4528\COMCTL32.dll
[1113/120521:ERROR:process_reader_win.cc(233)] ReadMemory at 0x76440000 of 64 bytes failed: Only part of a ReadProcessMemory or WriteProcessMemory request was completed. (0x12B)
[1113/120521:WARNING:pe_image_reader.cc(281)] could not read dos header from C:\Windows\SYSTEM32\FirewallAPI.dll
[1113/120521:ERROR:process_reader_win.cc(233)] ReadMemory at 0x604b0000 of 64 bytes failed: Only part of a ReadProcessMemory or WriteProcessMemory request was completed. (0x12B)
[1113/120521:WARNING:pe_image_reader.cc(281)] could not read dos header from C:\Windows\SYSTEM32\fwbase.dll
[1113/120521:ERROR:process_reader_win.cc(233)] ReadMemory at 0x768b0000 of 64 bytes failed: Only part of a ReadProcessMemory or WriteProcessMemory request was completed. (0x12B)
[1113/120521:WARNING:pe_image_reader.cc(281)] could not read dos header from C:\Windows\SYSTEM32\NETAPI32.dll
[1113/120521:ERROR:process_reader_win.cc(233)] ReadMemory at 0x69f60000 of 64 bytes failed: Only part of a ReadProcessMemory or WriteProcessMemory request was completed. (0x12B)
[1113/120521:WARNING:pe_image_reader.cc(281)] could not read dos header from C:\Windows\SYSTEM32\DAVHLPR.DLL
[1113/120521:ERROR:process_reader_win.cc(233)] ReadMemory at 0x76590000 of 64 bytes failed: Only part of a ReadProcessMemory or WriteProcessMemory request was completed. (0x12B)
[1113/120521:WARNING:pe_image_reader.cc(281)] could not read dos header from C:\Windows\SYSTEM32\COMDLG32.dll
[1113/120521:ERROR:process_reader_win.cc(233)] ReadMemory at 0x601c0000 of 64 bytes failed: Only part of a ReadProcessMemory or WriteProcessMemory request was completed. (0x12B)
[1113/120521:WARNING:pe_image_reader.cc(281)] could not read dos header from C:\Windows\SYSTEM32\USP10.dll
[1113/120521:ERROR:process_reader_win.cc(233)] ReadMemory at 0x73cc0000 of 64 bytes failed: Only part of a ReadProcessMemory or WriteProcessMemory request was completed. (0x12B)
[1113/120521:WARNING:pe_image_reader.cc(281)] could not read dos header from C:\Windows\SYSTEM32\bcrypt.dll
[1113/120521:ERROR:process_reader_win.cc(233)] ReadMemory at 0x73320000 of 64 bytes failed: Only part of a ReadProcessMemory or WriteProcessMemory request was completed. (0x12B)
[1113/120521:WARNING:pe_image_reader.cc(281)] could not read dos header from C:\Windows\SYSTEM32\WINSPOOL.DRV
[1113/120521:ERROR:process_reader_win.cc(233)] ReadMemory at 0x73f90000 of 64 bytes failed: Only part of a ReadProcessMemory or WriteProcessMemory request was completed. (0x12B)
[1113/120521:WARNING:pe_image_reader.cc(281)] could not read dos header from C:\Windows\SYSTEM32\IPHLPAPI.DLL
[1113/120521:ERROR:process_reader_win.cc(233)] ReadMemory at 0x72cf0000 of 64 bytes failed: Only part of a ReadProcessMemory or WriteProcessMemory request was completed. (0x12B)
[1113/120521:WARNING:pe_image_reader.cc(281)] could not read dos header from C:\Windows\SYSTEM32\Secur32.dll
[1113/120521:ERROR:process_reader_win.cc(233)] ReadMemory at 0x65640000 of 64 bytes failed: Only part of a ReadProcessMemory or WriteProcessMemory request was completed. (0x12B)
[1113/120521:WARNING:pe_image_reader.cc(281)] could not read dos header from C:\Windows\SYSTEM32\DWrite.dll
[1113/120521:ERROR:process_reader_win.cc(233)] ReadMemory at 0x76d40000 of 64 bytes failed: Only part of a ReadProcessMemory or WriteProcessMemory request was completed. (0x12B)
[1113/120521:WARNING:pe_image_reader.cc(281)] could not read dos header from C:\Windows\SYSTEM32\MSASN1.dll
[1113/120521:ERROR:process_reader_win.cc(233)] ReadMemory at 0x76dd0000 of 64 bytes failed: Only part of a ReadProcessMemory or WriteProcessMemory request was completed. (0x12B)
[1113/120521:WARNING:pe_image_reader.cc(281)] could not read dos header from C:\Windows\SYSTEM32\CRYPT32.dll
[1113/120521:ERROR:process_reader_win.cc(233)] ReadMemory at 0x75c50000 of 64 bytes failed: Only part of a ReadProcessMemory or WriteProcessMemory request was completed. (0x12B)
[1113/120521:WARNING:pe_image_reader.cc(281)] could not read dos header from C:\Windows\SYSTEM32\WINTRUST.dll
[1113/120521:ERROR:process_reader_win.cc(233)] ReadMemory at 0x55dc0000 of 64 bytes failed: Only part of a ReadProcessMemory or WriteProcessMemory request was completed. (0x12B)
[1113/120521:WARNING:pe_image_reader.cc(281)] could not read dos header from C:\Program Files (x86)\Google\Chrome\Application\54.0.2840.99\chrome_child.dll
[1113/120521:ERROR:process_reader_win.cc(233)] ReadMemory at 0x970000 of 64 bytes failed: Only part of a ReadProcessMemory or WriteProcessMemory request was completed. (0x12B)
[1113/120521:WARNING:pe_image_reader.cc(281)] could not read dos header from C:\Program Files (x86)\Google\Chrome\Application\chrome.exe
[1113/120521:ERROR:process_reader_win.cc(233)] ReadMemory at 0x77700000 of 64 bytes failed: Only part of a ReadProcessMemory or WriteProcessMemory request was completed. (0x12B)
[1113/120521:WARNING:pe_image_reader.cc(281)] could not read dos header from C:\Windows\SYSTEM32\ntdll.dll
[1113/120521:ERROR:process_reader_win.cc(233)] ReadMemory at 0x75d00000 of 64 bytes failed: Only part of a ReadProcessMemory or WriteProcessMemory request was completed. (0x12B)
[1113/120521:WARNING:pe_image_reader.cc(281)] could not read dos header from C:\Windows\SYSTEM32\KERNELBASE.dll
[1113/120521:ERROR:process_reader_win.cc(233)] ReadMemory at 0x74450000 of 64 bytes failed: Only part of a ReadProcessMemory or WriteProcessMemory request was completed. (0x12B)
[1113/120521:WARNING:pe_image_reader.cc(281)] could not read dos header from C:\Windows\SYSTEM32\KERNEL32.DLL
[1113/120521:ERROR:process_reader_win.cc(233)] ReadMemory at 0x73ce0000 of 64 bytes failed: Only part of a ReadProcessMemory or WriteProcessMemory request was completed. (0x12B)
[1113/120521:WARNING:pe_image_reader.cc(281)] could not read dos header from C:\Windows\system32\apphelp.dll
[1113/120521:ERROR:process_reader_win.cc(233)] ReadMemory at 0x76b10000 of 64 bytes failed: Only part of a ReadProcessMemory or WriteProcessMemory request was completed. (0x12B)
[1113/120521:WARNING:pe_image_reader.cc(281)] could not read dos header from C:\Windows\SYSTEM32\msvcrt.dll
[1113/120521:ERROR:process_reader_win.cc(233)] ReadMemory at 0x75b00000 of 64 bytes failed: Only part of a ReadProcessMemory or WriteProcessMemory request was completed. (0x12B)
[1113/120521:WARNING:pe_image_reader.cc(281)] could not read dos header from C:\Windows\SYSTEM32\bcryptPrimitives.dll
[1113/120521:ERROR:process_reader_win.cc(233)] ReadMemory at 0x74420000 of 64 bytes failed: Only part of a ReadProcessMemory or WriteProcessMemory request was completed. (0x12B)
[1113/120521:WARNING:pe_image_reader.cc(281)] could not read dos header from C:\Windows\SYSTEM32\CRYPTBASE.dll
[1113/120521:ERROR:process_reader_win.cc(233)] ReadMemory at 0x74430000 of 64 bytes failed: Only part of a ReadProcessMemory or WriteProcessMemory request was completed. (0x12B)
[1113/120521:WARNING:pe_image_reader.cc(281)] could not read dos header from C:\Windows\SYSTEM32\SspiCli.dll
[1113/120521:ERROR:process_reader_win.cc(233)] ReadMemory at 0x76800000 of 64 bytes failed: Only part of a ReadProcessMemory or WriteProcessMemory request was completed. (0x12B)
[1113/120521:WARNING:pe_image_reader.cc(281)] could not read dos header from C:\Windows\SYSTEM32\RPCRT4.dll
[1113/120521:ERROR:process_reader_win.cc(233)] ReadMemory at 0x768d0000 of 64 bytes failed: Only part of a ReadProcessMemory or WriteProcessMemory request was completed. (0x12B)
[1113/120521:WARNING:pe_image_reader.cc(281)] could not read dos header from C:\Windows\SYSTEM32\sechost.dll
[1113/120521:ERROR:process_reader_win.cc(233)] ReadMemory at 0x76d50000 of 64 bytes failed: Only part of a ReadProcessMemory or WriteProcessMemory request was completed. (0x12B)
[1113/120521:WARNING:pe_image_reader.cc(281)] could not read dos header from C:\Windows\SYSTEM32\ADVAPI32.dll
[1113/120521:ERROR:process_reader_win.cc(233)] ReadMemory at 0x74410000 of 64 bytes failed: Only part of a ReadProcessMemory or WriteProcessMemory request was completed. (0x12B)
[1113/120521:WARNING:pe_image_reader.cc(281)] could not read dos header from C:\Windows\SYSTEM32\VERSION.dll
[1113/120521:ERROR:process_reader_win.cc(233)] ReadMemory at 0x5b4d0000 of 64 bytes failed: Only part of a ReadProcessMemory or WriteProcessMemory request was completed. (0x12B)
[1113/120521:WARNING:pe_image_reader.cc(281)] could not read dos header from C:\Program Files (x86)\Google\Chrome\Application\54.0.2840.99\chrome_elf.dll
[1113/120521:ERROR:process_reader_win.cc(233)] ReadMemory at 0x763b0000 of 64 bytes failed: Only part of a ReadProcessMemory or WriteProcessMemory request was completed. (0x12B)
[1113/120521:WARNING:pe_image_reader.cc(281)] could not read dos header from C:\Windows\SYSTEM32\cfgmgr32.dll
[1113/120521:ERROR:process_reader_win.cc(233)] ReadMemory at 0x75930000 of 64 bytes failed: Only part of a ReadProcessMemory or WriteProcessMemory request was completed. (0x12B)
[1113/120521:WARNING:pe_image_reader.cc(281)] could not read dos header from C:\Windows\SYSTEM32\combase.dll
[1113/120521:ERROR:process_reader_win.cc(233)] ReadMemory at 0x766b0000 of 64 bytes failed: Only part of a ReadProcessMemory or WriteProcessMemory request was completed. (0x12B)
[1113/120521:WARNING:pe_image_reader.cc(281)] could not read dos header from C:\Windows\SYSTEM32\USER32.dll
[1113/120521:ERROR:process_reader_win.cc(233)] ReadMemory at 0x76930000 of 64 bytes failed: Only part of a ReadProcessMemory or WriteProcessMemory request was completed. (0x12B)
[1113/120521:WARNING:pe_image_reader.cc(281)] could not read dos header from C:\Windows\SYSTEM32\GDI32.dll
[1113/120521:ERROR:process_reader_win.cc(233)] ReadMemory at 0x75e80000 of 64 bytes failed: Only part of a ReadProcessMemory or WriteProcessMemory request was completed. (0x12B)
[1113/120521:WARNING:pe_image_reader.cc(281)] could not read dos header from C:\Windows\SYSTEM32\IMM32.DLL
[1113/120521:ERROR:process_reader_win.cc(233)] ReadMemory at 0x76540000 of 64 bytes failed: Only part of a ReadProcessMemory or WriteProcessMemory request was completed. (0x12B)
[1113/120521:WARNING:pe_image_reader.cc(281)] could not read dos header from C:\Windows\SYSTEM32\shlwapi.dll
[1113/120521:ERROR:process_reader_win.cc(233)] ReadMemory at 0x75af0000 of 64 bytes failed: Only part of a ReadProcessMemory or WriteProcessMemory request was completed. (0x12B)
[1113/120521:WARNING:pe_image_reader.cc(281)] could not read dos header from C:\Windows\SYSTEM32\kernel.appcore.dll
[1113/120521:ERROR:process_reader_win.cc(233)] ReadMemory at 0x76a80000 of 64 bytes failed: Only part of a ReadProcessMemory or WriteProcessMemory request was completed. (0x12B)
[1113/120521:WARNING:pe_image_reader.cc(281)] could not read dos header from C:\Windows\SYSTEM32\shcore.dll
[1113/120521:ERROR:process_reader_win.cc(233)] ReadMemory at 0x763f0000 of 64 bytes failed: Only part of a ReadProcessMemory or WriteProcessMemory request was completed. (0x12B)
[1113/120521:WARNING:pe_image_reader.cc(281)] could not read dos header from C:\Windows\SYSTEM32\powrprof.dll
[1113/120521:ERROR:process_reader_win.cc(233)] ReadMemory at 0x76920000 of 64 bytes failed: Only part of a ReadProcessMemory or WriteProcessMemory request was completed. (0x12B)
[1113/120521:WARNING:pe_image_reader.cc(281)] could not read dos header from C:\Windows\SYSTEM32\profapi.dll
[1113/120521:ERROR:process_reader_win.cc(233)] ReadMemory at 0x77200000 of 64 bytes failed: Only part of a ReadProcessMemory or WriteProcessMemory request was completed. (0x12B)
[1113/120521:WARNING:pe_image_reader.cc(281)] could not read dos header from C:\Windows\SYSTEM32\windows.storage.dll
[1113/120521:ERROR:process_reader_win.cc(233)] ReadMemory at 0x74530000 of 64 bytes failed: Only part of a ReadProcessMemory or WriteProcessMemory request was completed. (0x12B)
[1113/120521:WARNING:pe_image_reader.cc(281)] could not read dos header from C:\Windows\SYSTEM32\SHELL32.dll
[1113/120521:ERROR:process_reader_win.cc(233)] ReadMemory at 0x74210000 of 64 bytes failed: Only part of a ReadProcessMemory or WriteProcessMemory request was completed. (0x12B)
[1113/120521:WARNING:pe_image_reader.cc(281)] could not read dos header from C:\Windows\SYSTEM32\WINMMBASE.dll
[1113/120521:ERROR:process_reader_win.cc(233)] ReadMemory at 0x74260000 of 64 bytes failed: Only part of a ReadProcessMemory or WriteProcessMemory request was completed. (0x12B)
[1113/120521:WARNING:pe_image_reader.cc(281)] could not read dos header from C:\Windows\SYSTEM32\WINMM.dll
[1113/120521:ERROR:process_reader_win.cc(233)] ReadMemory at 0x74400000 of 64 bytes failed: Only part of a ReadProcessMemory or WriteProcessMemory request was completed. (0x12B)
[1113/120521:WARNING:pe_image_reader.cc(281)] could not read dos header from C:\Windows\SYSTEM32\WTSAPI32.dll
[1113/120521:ERROR:process_reader_win.cc(233)] ReadMemory at 0x716e0000 of 64 bytes failed: Only part of a ReadProcessMemory or WriteProcessMemory request was completed. (0x12B)
[1113/120521:WARNING:pe_image_reader.cc(281)] could not read dos header from C:\Windows\SYSTEM32\WINHTTP.dll
[1113/120521:ERROR:process_reader_win.cc(233)] ReadMemory at 0x742a0000 of 64 bytes failed: Only part of a ReadProcessMemory or WriteProcessMemory request was completed. (0x12B)
[1113/120521:WARNING:pe_image_reader.cc(281)] could not read dos header from C:\Windows\SYSTEM32\dbghelp.dll
[1113/120521:ERROR:process_reader_win.cc(233)] ReadMemory at 0x75b60000 of 64 bytes failed: Only part of a ReadProcessMemory or WriteProcessMemory request was completed. (0x12B)
[1113/120521:WARNING:pe_image_reader.cc(281)] could not read dos header from C:\Windows\SYSTEM32\ole32.dll
[1113/120521:ERROR:process_reader_win.cc(233)] ReadMemory at 0x76c90000 of 64 bytes failed: Only part of a ReadProcessMemory or WriteProcessMemory request was completed. (0x12B)
[1113/120521:WARNING:pe_image_reader.cc(281)] could not read dos header from C:\Windows\SYSTEM32\OLEAUT32.dll
[1113/120521:ERROR:process_reader_win.cc(233)] ReadMemory at 0x77080000 of 64 bytes failed: Only part of a ReadProcessMemory or WriteProcessMemory request was completed. (0x12B)
[1113/120521:WARNING:pe_image_reader.cc(281)] could not read dos header from C:\Windows\SYSTEM32\PSAPI.DLL
[1113/120521:ERROR:process_reader_win.cc(233)] ReadMemory at 0x76c30000 of 64 bytes failed: Only part of a ReadProcessMemory or WriteProcessMemory request was completed. (0x12B)
[1113/120521:WARNING:pe_image_reader.cc(281)] could not read dos header from C:\Windows\SYSTEM32\WS2_32.dll
[1113/120521:ERROR:process_reader_win.cc(233)] ReadMemory at 0x72d70000 of 64 bytes failed: Only part of a ReadProcessMemory or WriteProcessMemory request was completed. (0x12B)
[1113/120521:WARNING:pe_image_reader.cc(281)] could not read dos header from C:\Windows\WinSxS\x86_microsoft.windows.common-controls_6595b64144ccf1df_6.0.10586.0_none_d3c2e4e965da4528\COMCTL32.dll
[1113/120521:ERROR:process_reader_win.cc(233)] ReadMemory at 0x76440000 of 64 bytes failed: Only part of a ReadProcessMemory or WriteProcessMemory request was completed. (0x12B)
[1113/120521:WARNING:pe_image_reader.cc(281)] could not read dos header from C:\Windows\SYSTEM32\FirewallAPI.dll
[1113/120521:ERROR:process_reader_win.cc(233)] ReadMemory at 0x604b0000 of 64 bytes failed: Only part of a ReadProcessMemory or WriteProcessMemory request was completed. (0x12B)
[1113/120521:WARNING:pe_image_reader.cc(281)] could not read dos header from C:\Windows\SYSTEM32\fwbase.dll
[1113/120521:ERROR:process_reader_win.cc(233)] ReadMemory at 0x768b0000 of 64 bytes failed: Only part of a ReadProcessMemory or WriteProcessMemory request was completed. (0x12B)
[1113/120521:WARNING:pe_image_reader.cc(281)] could not read dos header from C:\Windows\SYSTEM32\NETAPI32.dll
[1113/120521:ERROR:process_reader_win.cc(233)] ReadMemory at 0x69f60000 of 64 bytes failed: Only part of a ReadProcessMemory or WriteProcessMemory request was completed. (0x12B)
[1113/120521:WARNING:pe_image_reader.cc(281)] could not read dos header from C:\Windows\SYSTEM32\DAVHLPR.DLL
[1113/120521:ERROR:process_reader_win.cc(233)] ReadMemory at 0x76590000 of 64 bytes failed: Only part of a ReadProcessMemory or WriteProcessMemory request was completed. (0x12B)
[1113/120521:WARNING:pe_image_reader.cc(281)] could not read dos header from C:\Windows\SYSTEM32\COMDLG32.dll
[1113/120521:ERROR:process_reader_win.cc(233)] ReadMemory at 0x601c0000 of 64 bytes failed: Only part of a ReadProcessMemory or WriteProcessMemory request was completed. (0x12B)
[1113/120521:WARNING:pe_image_reader.cc(281)] could not read dos header from C:\Windows\SYSTEM32\USP10.dll
[1113/120521:ERROR:process_reader_win.cc(233)] ReadMemory at 0x73cc0000 of 64 bytes failed: Only part of a ReadProcessMemory or WriteProcessMemory request was completed. (0x12B)
[1113/120521:WARNING:pe_image_reader.cc(281)] could not read dos header from C:\Windows\SYSTEM32\bcrypt.dll
[1113/120521:ERROR:process_reader_win.cc(233)] ReadMemory at 0x73320000 of 64 bytes failed: Only part of a ReadProcessMemory or WriteProcessMemory request was completed. (0x12B)
[1113/120521:WARNING:pe_image_reader.cc(281)] could not read dos header from C:\Windows\SYSTEM32\WINSPOOL.DRV
[1113/120521:ERROR:process_reader_win.cc(233)] ReadMemory at 0x73f90000 of 64 bytes failed: Only part of a ReadProcessMemory or WriteProcessMemory request was completed. (0x12B)
[1113/120521:WARNING:pe_image_reader.cc(281)] could not read dos header from C:\Windows\SYSTEM32\IPHLPAPI.DLL
[1113/120521:ERROR:process_reader_win.cc(233)] ReadMemory at 0x72cf0000 of 64 bytes failed: Only part of a ReadProcessMemory or WriteProcessMemory request was completed. (0x12B)
[1113/120521:WARNING:pe_image_reader.cc(281)] could not read dos header from C:\Windows\SYSTEM32\Secur32.dll
[1113/120521:ERROR:process_reader_win.cc(233)] ReadMemory at 0x65640000 of 64 bytes failed: Only part of a ReadProcessMemory or WriteProcessMemory request was completed. (0x12B)
[1113/120521:WARNING:pe_image_reader.cc(281)] could not read dos header from C:\Windows\SYSTEM32\DWrite.dll
[1113/120521:ERROR:process_reader_win.cc(233)] ReadMemory at 0x76d40000 of 64 bytes failed: Only part of a ReadProcessMemory or WriteProcessMemory request was completed. (0x12B)
[1113/120521:WARNING:pe_image_reader.cc(281)] could not read dos header from C:\Windows\SYSTEM32\MSASN1.dll
[1113/120521:ERROR:process_reader_win.cc(233)] ReadMemory at 0x76dd0000 of 64 bytes failed: Only part of a ReadProcessMemory or WriteProcessMemory request was completed. (0x12B)
[1113/120521:WARNING:pe_image_reader.cc(281)] could not read dos header from C:\Windows\SYSTEM32\CRYPT32.dll
[1113/120521:ERROR:process_reader_win.cc(233)] ReadMemory at 0x75c50000 of 64 bytes failed: Only part of a ReadProcessMemory or WriteProcessMemory request was completed. (0x12B)
[1113/120521:WARNING:pe_image_reader.cc(281)] could not read dos header from C:\Windows\SYSTEM32\WINTRUST.dll
[1113/120521:ERROR:process_reader_win.cc(233)] ReadMemory at 0x55dc0000 of 64 bytes failed: Only part of a ReadProcessMemory or WriteProcessMemory request was completed. (0x12B)
[1113/120521:WARNING:pe_image_reader.cc(281)] could not read dos header from C:\Program Files (x86)\Google\Chrome\Application\54.0.2840.99\chrome_child.dll
[1113/120521:ERROR:process_reader_win.cc(233)] ReadMemory at 0x970000 of 64 bytes failed: Only part of a ReadProcessMemory or WriteProcessMemory request was completed. (0x12B)
[1113/120521:WARNING:pe_image_reader.cc(281)] could not read dos header from C:\Program Files (x86)\Google\Chrome\Application\chrome.exe
[1113/120521:ERROR:process_reader_win.cc(233)] ReadMemory at 0x77700000 of 64 bytes failed: Only part of a ReadProcessMemory or WriteProcessMemory request was completed. (0x12B)
[1113/120521:WARNING:pe_image_reader.cc(281)] could not read dos header from C:\Windows\SYSTEM32\ntdll.dll
[1113/120521:ERROR:process_reader_win.cc(233)] ReadMemory at 0x75d00000 of 64 bytes failed: Only part of a ReadProcessMemory or WriteProcessMemory request was completed. (0x12B)
[1113/120521:WARNING:pe_image_reader.cc(281)] could not read dos header from C:\Windows\SYSTEM32\KERNELBASE.dll
[1113/120521:ERROR:process_reader_win.cc(233)] ReadMemory at 0x74450000 of 64 bytes failed: Only part of a ReadProcessMemory or WriteProcessMemory request was completed. (0x12B)
[1113/120521:WARNING:pe_image_reader.cc(281)] could not read dos header from C:\Windows\SYSTEM32\KERNEL32.DLL
[1113/120521:ERROR:process_reader_win.cc(233)] ReadMemory at 0x73ce0000 of 64 bytes failed: Only part of a ReadProcessMemory or WriteProcessMemory request was completed. (0x12B)
[1113/120521:WARNING:pe_image_reader.cc(281)] could not read dos header from C:\Windows\system32\apphelp.dll
[1113/120521:ERROR:process_reader_win.cc(233)] ReadMemory at 0x76b10000 of 64 bytes failed: Only part of a ReadProcessMemory or WriteProcessMemory request was completed. (0x12B)
[1113/120521:WARNING:pe_image_reader.cc(281)] could not read dos header from C:\Windows\SYSTEM32\msvcrt.dll
[1113/120521:ERROR:process_reader_win.cc(233)] ReadMemory at 0x75b00000 of 64 bytes failed: Only part of a ReadProcessMemory or WriteProcessMemory request was completed. (0x12B)
[1113/120521:WARNING:pe_image_reader.cc(281)] could not read dos header from C:\Windows\SYSTEM32\bcryptPrimitives.dll
[1113/120521:ERROR:process_reader_win.cc(233)] ReadMemory at 0x74420000 of 64 bytes failed: Only part of a ReadProcessMemory or WriteProcessMemory request was completed. (0x12B)
[1113/120521:WARNING:pe_image_reader.cc(281)] could not read dos header from C:\Windows\SYSTEM32\CRYPTBASE.dll
[1113/120521:ERROR:process_reader_win.cc(233)] ReadMemory at 0x74430000 of 64 bytes failed: Only part of a ReadProcessMemory or WriteProcessMemory request was completed. (0x12B)
[1113/120521:WARNING:pe_image_reader.cc(281)] could not read dos header from C:\Windows\SYSTEM32\SspiCli.dll
[1113/120521:ERROR:process_reader_win.cc(233)] ReadMemory at 0x76800000 of 64 bytes failed: Only part of a ReadProcessMemory or WriteProcessMemory request was completed. (0x12B)
[1113/120521:WARNING:pe_image_reader.cc(281)] could not read dos header from C:\Windows\SYSTEM32\RPCRT4.dll
[1113/120521:ERROR:process_reader_win.cc(233)] ReadMemory at 0x768d0000 of 64 bytes failed: Only part of a ReadProcessMemory or WriteProcessMemory request was completed. (0x12B)
[1113/120521:WARNING:pe_image_reader.cc(281)] could not read dos header from C:\Windows\SYSTEM32\sechost.dll
[1113/120521:ERROR:process_reader_win.cc(233)] ReadMemory at 0x76d50000 of 64 bytes failed: Only part of a ReadProcessMemory or WriteProcessMemory request was completed. (0x12B)
[1113/120521:WARNING:pe_image_reader.cc(281)] could not read dos header from C:\Windows\SYSTEM32\ADVAPI32.dll
[1113/120521:ERROR:process_reader_win.cc(233)] ReadMemory at 0x74410000 of 64 bytes failed: Only part of a ReadProcessMemory or WriteProcessMemory request was completed. (0x12B)
[1113/120521:WARNING:pe_image_reader.cc(281)] could not read dos header from C:\Windows\SYSTEM32\VERSION.dll
[1113/120521:ERROR:process_reader_win.cc(233)] ReadMemory at 0x5b4d0000 of 64 bytes failed: Only part of a ReadProcessMemory or WriteProcessMemory request was completed. (0x12B)
[1113/120521:WARNING:pe_image_reader.cc(281)] could not read dos header from C:\Program Files (x86)\Google\Chrome\Application\54.0.2840.99\chrome_elf.dll
[1113/120521:ERROR:process_reader_win.cc(233)] ReadMemory at 0x763b0000 of 64 bytes failed: Only part of a ReadProcessMemory or WriteProcessMemory request was completed. (0x12B)
[1113/120521:WARNING:pe_image_reader.cc(281)] could not read dos header from C:\Windows\SYSTEM32\cfgmgr32.dll
[1113/120521:ERROR:process_reader_win.cc(233)] ReadMemory at 0x75930000 of 64 bytes failed: Only part of a ReadProcessMemory or WriteProcessMemory request was completed. (0x12B)
[1113/120521:WARNING:pe_image_reader.cc(281)] could not read dos header from C:\Windows\SYSTEM32\combase.dll
[1113/120521:ERROR:process_reader_win.cc(233)] ReadMemory at 0x766b0000 of 64 bytes failed: Only part of a ReadProcessMemory or WriteProcessMemory request was completed. (0x12B)
[1113/120521:WARNING:pe_image_reader.cc(281)] could not read dos header from C:\Windows\SYSTEM32\USER32.dll
[1113/120521:ERROR:process_reader_win.cc(233)] ReadMemory at 0x76930000 of 64 bytes failed: Only part of a ReadProcessMemory or WriteProcessMemory request was completed. (0x12B)
[1113/120521:WARNING:pe_image_reader.cc(281)] could not read dos header from C:\Windows\SYSTEM32\GDI32.dll
[1113/120521:ERROR:process_reader_win.cc(233)] ReadMemory at 0x75e80000 of 64 bytes failed: Only part of a ReadProcessMemory or WriteProcessMemory request was completed. (0x12B)
[1113/120521:WARNING:pe_image_reader.cc(281)] could not read dos header from C:\Windows\SYSTEM32\IMM32.DLL
[1113/120521:ERROR:process_reader_win.cc(233)] ReadMemory at 0x76540000 of 64 bytes failed: Only part of a ReadProcessMemory or WriteProcessMemory request was completed. (0x12B)
[1113/120521:WARNING:pe_image_reader.cc(281)] could not read dos header from C:\Windows\SYSTEM32\shlwapi.dll
[1113/120521:ERROR:process_reader_win.cc(233)] ReadMemory at 0x75af0000 of 64 bytes failed: Only part of a ReadProcessMemory or WriteProcessMemory request was completed. (0x12B)
[1113/120521:WARNING:pe_image_reader.cc(281)] could not read dos header from C:\Windows\SYSTEM32\kernel.appcore.dll
[1113/120521:ERROR:process_reader_win.cc(233)] ReadMemory at 0x76a80000 of 64 bytes failed: Only part of a ReadProcessMemory or WriteProcessMemory request was completed. (0x12B)
[1113/120521:WARNING:pe_image_reader.cc(281)] could not read dos header from C:\Windows\SYSTEM32\shcore.dll
[1113/120521:ERROR:process_reader_win.cc(233)] ReadMemory at 0x763f0000 of 64 bytes failed: Only part of a ReadProcessMemory or WriteProcessMemory request was completed. (0x12B)
[1113/120521:WARNING:pe_image_reader.cc(281)] could not read dos header from C:\Windows\SYSTEM32\powrprof.dll
[1113/120521:ERROR:process_reader_win.cc(233)] ReadMemory at 0x76920000 of 64 bytes failed: Only part of a ReadProcessMemory or WriteProcessMemory request was completed. (0x12B)
[1113/120521:WARNING:pe_image_reader.cc(281)] could not read dos header from C:\Windows\SYSTEM32\profapi.dll
[1113/120521:ERROR:process_reader_win.cc(233)] ReadMemory at 0x77200000 of 64 bytes failed: Only part of a ReadProcessMemory or WriteProcessMemory request was completed. (0x12B)
[1113/120521:WARNING:pe_image_reader.cc(281)] could not read dos header from C:\Windows\SYSTEM32\windows.storage.dll
[1113/120521:ERROR:process_reader_win.cc(233)] ReadMemory at 0x74530000 of 64 bytes failed: Only part of a ReadProcessMemory or WriteProcessMemory request was completed. (0x12B)
[1113/120521:WARNING:pe_image_reader.cc(281)] could not read dos header from C:\Windows\SYSTEM32\SHELL32.dll
[1113/120521:ERROR:process_reader_win.cc(233)] ReadMemory at 0x74210000 of 64 bytes failed: Only part of a ReadProcessMemory or WriteProcessMemory request was completed. (0x12B)
[1113/120521:WARNING:pe_image_reader.cc(281)] could not read dos header from C:\Windows\SYSTEM32\WINMMBASE.dll
[1113/120521:ERROR:process_reader_win.cc(233)] ReadMemory at 0x74260000 of 64 bytes failed: Only part of a ReadProcessMemory or WriteProcessMemory request was completed. (0x12B)
[1113/120521:WARNING:pe_image_reader.cc(281)] could not read dos header from C:\Windows\SYSTEM32\WINMM.dll
[1113/120521:ERROR:process_reader_win.cc(233)] ReadMemory at 0x74400000 of 64 bytes failed: Only part of a ReadProcessMemory or WriteProcessMemory request was completed. (0x12B)
[1113/120521:WARNING:pe_image_reader.cc(281)] could not read dos header from C:\Windows\SYSTEM32\WTSAPI32.dll
[1113/120521:ERROR:process_reader_win.cc(233)] ReadMemory at 0x716e0000 of 64 bytes failed: Only part of a ReadProcessMemory or WriteProcessMemory request was completed. (0x12B)
[1113/120521:WARNING:pe_image_reader.cc(281)] could not read dos header from C:\Windows\SYSTEM32\WINHTTP.dll
[1113/120521:ERROR:process_reader_win.cc(233)] ReadMemory at 0x742a0000 of 64 bytes failed: Only part of a ReadProcessMemory or WriteProcessMemory request was completed. (0x12B)
[1113/120521:WARNING:pe_image_reader.cc(281)] could not read dos header from C:\Windows\SYSTEM32\dbghelp.dll
[1113/120521:ERROR:process_reader_win.cc(233)] ReadMemory at 0x75b60000 of 64 bytes failed: Only part of a ReadProcessMemory or WriteProcessMemory request was completed. (0x12B)
[1113/120521:WARNING:pe_image_reader.cc(281)] could not read dos header from C:\Windows\SYSTEM32\ole32.dll
[1113/120521:ERROR:process_reader_win.cc(233)] ReadMemory at 0x76c90000 of 64 bytes failed: Only part of a ReadProcessMemory or WriteProcessMemory request was completed. (0x12B)
[1113/120521:WARNING:pe_image_reader.cc(281)] could not read dos header from C:\Windows\SYSTEM32\OLEAUT32.dll
[1113/120521:ERROR:process_reader_win.cc(233)] ReadMemory at 0x77080000 of 64 bytes failed: Only part of a ReadProcessMemory or WriteProcessMemory request was completed. (0x12B)
[1113/120521:WARNING:pe_image_reader.cc(281)] could not read dos header from C:\Windows\SYSTEM32\PSAPI.DLL
[1113/120521:ERROR:process_reader_win.cc(233)] ReadMemory at 0x76c30000 of 64 bytes failed: Only part of a ReadProcessMemory or WriteProcessMemory request was completed. (0x12B)
[1113/120521:WARNING:pe_image_reader.cc(281)] could not read dos header from C:\Windows\SYSTEM32\WS2_32.dll
[1113/120521:ERROR:process_reader_win.cc(233)] ReadMemory at 0x72d70000 of 64 bytes failed: Only part of a ReadProcessMemory or WriteProcessMemory request was completed. (0x12B)
[1113/120521:WARNING:pe_image_reader.cc(281)] could not read dos header from C:\Windows\WinSxS\x86_microsoft.windows.common-controls_6595b64144ccf1df_6.0.10586.0_none_d3c2e4e965da4528\COMCTL32.dll
[1113/120521:ERROR:process_reader_win.cc(233)] ReadMemory at 0x76440000 of 64 bytes failed: Only part of a ReadProcessMemory or WriteProcessMemory request was completed. (0x12B)
[1113/120521:WARNING:pe_image_reader.cc(281)] could not read dos header from C:\Windows\SYSTEM32\FirewallAPI.dll
[1113/120521:ERROR:process_reader_win.cc(233)] ReadMemory at 0x604b0000 of 64 bytes failed: Only part of a ReadProcessMemory or WriteProcessMemory request was completed. (0x12B)
[1113/120521:WARNING:pe_image_reader.cc(281)] could not read dos header from C:\Windows\SYSTEM32\fwbase.dll
[1113/120521:ERROR:process_reader_win.cc(233)] ReadMemory at 0x768b0000 of 64 bytes failed: Only part of a ReadProcessMemory or WriteProcessMemory request was completed. (0x12B)
[1113/120521:WARNING:pe_image_reader.cc(281)] could not read dos header from C:\Windows\SYSTEM32\NETAPI32.dll
[1113/120521:ERROR:process_reader_win.cc(233)] ReadMemory at 0x69f60000 of 64 bytes failed: Only part of a ReadProcessMemory or WriteProcessMemory request was completed. (0x12B)
[1113/120521:WARNING:pe_image_reader.cc(281)] could not read dos header from C:\Windows\SYSTEM32\DAVHLPR.DLL
[1113/120521:ERROR:process_reader_win.cc(233)] ReadMemory at 0x76590000 of 64 bytes failed: Only part of a ReadProcessMemory or WriteProcessMemory request was completed. (0x12B)
[1113/120521:WARNING:pe_image_reader.cc(281)] could not read dos header from C:\Windows\SYSTEM32\COMDLG32.dll
[1113/120521:ERROR:process_reader_win.cc(233)] ReadMemory at 0x601c0000 of 64 bytes failed: Only part of a ReadProcessMemory or WriteProcessMemory request was completed. (0x12B)
[1113/120521:WARNING:pe_image_reader.cc(281)] could not read dos header from C:\Windows\SYSTEM32\USP10.dll
[1113/120521:ERROR:process_reader_win.cc(233)] ReadMemory at 0x73cc0000 of 64 bytes failed: Only part of a ReadProcessMemory or WriteProcessMemory request was completed. (0x12B)
[1113/120521:WARNING:pe_image_reader.cc(281)] could not read dos header from C:\Windows\SYSTEM32\bcrypt.dll
[1113/120521:ERROR:process_reader_win.cc(233)] ReadMemory at 0x73320000 of 64 bytes failed: Only part of a ReadProcessMemory or WriteProcessMemory request was completed. (0x12B)
[1113/120521:WARNING:pe_image_reader.cc(281)] could not read dos header from C:\Windows\SYSTEM32\WINSPOOL.DRV
[1113/120521:ERROR:process_reader_win.cc(233)] ReadMemory at 0x73f90000 of 64 bytes failed: Only part of a ReadProcessMemory or WriteProcessMemory request was completed. (0x12B)
[1113/120521:WARNING:pe_image_reader.cc(281)] could not read dos header from C:\Windows\SYSTEM32\IPHLPAPI.DLL
[1113/120521:ERROR:process_reader_win.cc(233)] ReadMemory at 0x72cf0000 of 64 bytes failed: Only part of a ReadProcessMemory or WriteProcessMemory request was completed. (0x12B)
[1113/120521:WARNING:pe_image_reader.cc(281)] could not read dos header from C:\Windows\SYSTEM32\Secur32.dll
[1113/120521:ERROR:process_reader_win.cc(233)] ReadMemory at 0x65640000 of 64 bytes failed: Only part of a ReadProcessMemory or WriteProcessMemory request was completed. (0x12B)
[1113/120521:WARNING:pe_image_reader.cc(281)] could not read dos header from C:\Windows\SYSTEM32\DWrite.dll
[1113/120521:ERROR:process_reader_win.cc(233)] ReadMemory at 0x76d40000 of 64 bytes failed: Only part of a ReadProcessMemory or WriteProcessMemory request was completed. (0x12B)
[1113/120521:WARNING:pe_image_reader.cc(281)] could not read dos header from C:\Windows\SYSTEM32\MSASN1.dll
[1113/120521:ERROR:process_reader_win.cc(233)] ReadMemory at 0x76dd0000 of 64 bytes failed: Only part of a ReadProcessMemory or WriteProcessMemory request was completed. (0x12B)
[1113/120521:WARNING:pe_image_reader.cc(281)] could not read dos header from C:\Windows\SYSTEM32\CRYPT32.dll
[1113/120521:ERROR:process_reader_win.cc(233)] ReadMemory at 0x75c50000 of 64 bytes failed: Only part of a ReadProcessMemory or WriteProcessMemory request was completed. (0x12B)
[1113/120521:WARNING:pe_image_reader.cc(281)] could not read dos header from C:\Windows\SYSTEM32\WINTRUST.dll
[1113/120521:ERROR:process_reader_win.cc(233)] ReadMemory at 0x55dc0000 of 64 bytes failed: Only part of a ReadProcessMemory or WriteProcessMemory request was completed. (0x12B)
[1113/120521:WARNING:pe_image_reader.cc(281)] could not read dos header from C:\Program Files (x86)\Google\Chrome\Application\54.0.2840.99\chrome_child.dll
[1113/120521:ERROR:process_reader_win.cc(233)] ReadMemory at 0x970000 of 64 bytes failed: Only part of a ReadProcessMemory or WriteProcessMemory request was completed. (0x12B)
[1113/120521:WARNING:pe_image_reader.cc(281)] could not read dos header from C:\Program Files (x86)\Google\Chrome\Application\chrome.exe
[1113/120521:ERROR:process_reader_win.cc(233)] ReadMemory at 0x77700000 of 64 bytes failed: Only part of a ReadProcessMemory or WriteProcessMemory request was completed. (0x12B)
[1113/120521:WARNING:pe_image_reader.cc(281)] could not read dos header from C:\Windows\SYSTEM32\ntdll.dll
[1113/120521:ERROR:process_reader_win.cc(233)] ReadMemory at 0x75d00000 of 64 bytes failed: Only part of a ReadProcessMemory or WriteProcessMemory request was completed. (0x12B)
[1113/120521:WARNING:pe_image_reader.cc(281)] could not read dos header from C:\Windows\SYSTEM32\KERNELBASE.dll
[1113/120521:ERROR:process_reader_win.cc(233)] ReadMemory at 0x74450000 of 64 bytes failed: Only part of a ReadProcessMemory or WriteProcessMemory request was completed. (0x12B)
[1113/120521:WARNING:pe_image_reader.cc(281)] could not read dos header from C:\Windows\SYSTEM32\KERNEL32.DLL
[1113/120521:ERROR:process_reader_win.cc(233)] ReadMemory at 0x73ce0000 of 64 bytes failed: Only part of a ReadProcessMemory or WriteProcessMemory request was completed. (0x12B)
[1113/120521:WARNING:pe_image_reader.cc(281)] could not read dos header from C:\Windows\system32\apphelp.dll
[1113/120521:ERROR:process_reader_win.cc(233)] ReadMemory at 0x76b10000 of 64 bytes failed: Only part of a ReadProcessMemory or WriteProcessMemory request was completed. (0x12B)
[1113/120521:WARNING:pe_image_reader.cc(281)] could not read dos header from C:\Windows\SYSTEM32\msvcrt.dll
[1113/120521:ERROR:process_reader_win.cc(233)] ReadMemory at 0x75b00000 of 64 bytes failed: Only part of a ReadProcessMemory or WriteProcessMemory request was completed. (0x12B)
[1113/120521:WARNING:pe_image_reader.cc(281)] could not read dos header from C:\Windows\SYSTEM32\bcryptPrimitives.dll
[1113/120521:ERROR:process_reader_win.cc(233)] ReadMemory at 0x74420000 of 64 bytes failed: Only part of a ReadProcessMemory or WriteProcessMemory request was completed. (0x12B)
[1113/120521:WARNING:pe_image_reader.cc(281)] could not read dos header from C:\Windows\SYSTEM32\CRYPTBASE.dll
[1113/120521:ERROR:process_reader_win.cc(233)] ReadMemory at 0x74430000 of 64 bytes failed: Only part of a ReadProcessMemory or WriteProcessMemory request was completed. (0x12B)
[1113/120521:WARNING:pe_image_reader.cc(281)] could not read dos header from C:\Windows\SYSTEM32\SspiCli.dll
[1113/120521:ERROR:process_reader_win.cc(233)] ReadMemory at 0x76800000 of 64 bytes failed: Only part of a ReadProcessMemory or WriteProcessMemory request was completed. (0x12B)
[1113/120521:WARNING:pe_image_reader.cc(281)] could not read dos header from C:\Windows\SYSTEM32\RPCRT4.dll
[1113/120521:ERROR:process_reader_win.cc(233)] ReadMemory at 0x768d0000 of 64 bytes failed: Only part of a ReadProcessMemory or WriteProcessMemory request was completed. (0x12B)
[1113/120521:WARNING:pe_image_reader.cc(281)] could not read dos header from C:\Windows\SYSTEM32\sechost.dll
[1113/120521:ERROR:process_reader_win.cc(233)] ReadMemory at 0x76d50000 of 64 bytes failed: Only part of a ReadProcessMemory or WriteProcessMemory request was completed. (0x12B)
[1113/120521:WARNING:pe_image_reader.cc(281)] could not read dos header from C:\Windows\SYSTEM32\ADVAPI32.dll
[1113/120521:ERROR:process_reader_win.cc(233)] ReadMemory at 0x74410000 of 64 bytes failed: Only part of a ReadProcessMemory or WriteProcessMemory request was completed. (0x12B)
[1113/120521:WARNING:pe_image_reader.cc(281)] could not read dos header from C:\Windows\SYSTEM32\VERSION.dll
[1113/120521:ERROR:process_reader_win.cc(233)] ReadMemory at 0x5b4d0000 of 64 bytes failed: Only part of a ReadProcessMemory or WriteProcessMemory request was completed. (0x12B)
[1113/120521:WARNING:pe_image_reader.cc(281)] could not read dos header from C:\Program Files (x86)\Google\Chrome\Application\54.0.2840.99\chrome_elf.dll
[1113/120521:ERROR:process_reader_win.cc(233)] ReadMemory at 0x763b0000 of 64 bytes failed: Only part of a ReadProcessMemory or WriteProcessMemory request was completed. (0x12B)
[1113/120521:WARNING:pe_image_reader.cc(281)] could not read dos header from C:\Windows\SYSTEM32\cfgmgr32.dll
[1113/120521:ERROR:process_reader_win.cc(233)] ReadMemory at 0x75930000 of 64 bytes failed: Only part of a ReadProcessMemory or WriteProcessMemory request was completed. (0x12B)
[1113/120521:WARNING:pe_image_reader.cc(281)] could not read dos header from C:\Windows\SYSTEM32\combase.dll
[1113/120521:ERROR:process_reader_win.cc(233)] ReadMemory at 0x766b0000 of 64 bytes failed: Only part of a ReadProcessMemory or WriteProcessMemory request was completed. (0x12B)
[1113/120521:WARNING:pe_image_reader.cc(281)] could not read dos header from C:\Windows\SYSTEM32\USER32.dll
[1113/120521:ERROR:process_reader_win.cc(233)] ReadMemory at 0x76930000 of 64 bytes failed: Only part of a ReadProcessMemory or WriteProcessMemory request was completed. (0x12B)
[1113/120521:WARNING:pe_image_reader.cc(281)] could not read dos header from C:\Windows\SYSTEM32\GDI32.dll
[1113/120521:ERROR:process_reader_win.cc(233)] ReadMemory at 0x75e80000 of 64 bytes failed: Only part of a ReadProcessMemory or WriteProcessMemory request was completed. (0x12B)
[1113/120521:WARNING:pe_image_reader.cc(281)] could not read dos header from C:\Windows\SYSTEM32\IMM32.DLL
[1113/120521:ERROR:process_reader_win.cc(233)] ReadMemory at 0x76540000 of 64 bytes failed: Only part of a ReadProcessMemory or WriteProcessMemory request was completed. (0x12B)
[1113/120521:WARNING:pe_image_reader.cc(281)] could not read dos header from C:\Windows\SYSTEM32\shlwapi.dll
[1113/120521:ERROR:process_reader_win.cc(233)] ReadMemory at 0x75af0000 of 64 bytes failed: Only part of a ReadProcessMemory or WriteProcessMemory request was completed. (0x12B)
[1113/120521:WARNING:pe_image_reader.cc(281)] could not read dos header from C:\Windows\SYSTEM32\kernel.appcore.dll
[1113/120521:ERROR:process_reader_win.cc(233)] ReadMemory at 0x76a80000 of 64 bytes failed: Only part of a ReadProcessMemory or WriteProcessMemory request was completed. (0x12B)
[1113/120521:WARNING:pe_image_reader.cc(281)] could not read dos header from C:\Windows\SYSTEM32\shcore.dll
[1113/120521:ERROR:process_reader_win.cc(233)] ReadMemory at 0x763f0000 of 64 bytes failed: Only part of a ReadProcessMemory or WriteProcessMemory request was completed. (0x12B)
[1113/120521:WARNING:pe_image_reader.cc(281)] could not read dos header from C:\Windows\SYSTEM32\powrprof.dll
[1113/120521:ERROR:process_reader_win.cc(233)] ReadMemory at 0x76920000 of 64 bytes failed: Only part of a ReadProcessMemory or WriteProcessMemory request was completed. (0x12B)
[1113/120521:WARNING:pe_image_reader.cc(281)] could not read dos header from C:\Windows\SYSTEM32\profapi.dll
[1113/120521:ERROR:process_reader_win.cc(233)] ReadMemory at 0x77200000 of 64 bytes failed: Only part of a ReadProcessMemory or WriteProcessMemory request was completed. (0x12B)
[1113/120521:WARNING:pe_image_reader.cc(281)] could not read dos header from C:\Windows\SYSTEM32\windows.storage.dll
[1113/120521:ERROR:process_reader_win.cc(233)] ReadMemory at 0x74530000 of 64 bytes failed: Only part of a ReadProcessMemory or WriteProcessMemory request was completed. (0x12B)
[1113/120521:WARNING:pe_image_reader.cc(281)] could not read dos header from C:\Windows\SYSTEM32\SHELL32.dll
[1113/120521:ERROR:process_reader_win.cc(233)] ReadMemory at 0x74210000 of 64 bytes failed: Only part of a ReadProcessMemory or WriteProcessMemory request was completed. (0x12B)
[1113/120521:WARNING:pe_image_reader.cc(281)] could not read dos header from C:\Windows\SYSTEM32\WINMMBASE.dll
[1113/120521:ERROR:process_reader_win.cc(233)] ReadMemory at 0x74260000 of 64 bytes failed: Only part of a ReadProcessMemory or WriteProcessMemory request was completed. (0x12B)
[1113/120521:WARNING:pe_image_reader.cc(281)] could not read dos header from C:\Windows\SYSTEM32\WINMM.dll
[1113/120521:ERROR:process_reader_win.cc(233)] ReadMemory at 0x74400000 of 64 bytes failed: Only part of a ReadProcessMemory or WriteProcessMemory request was completed. (0x12B)
[1113/120521:WARNING:pe_image_reader.cc(281)] could not read dos header from C:\Windows\SYSTEM32\WTSAPI32.dll
[1113/120521:ERROR:process_reader_win.cc(233)] ReadMemory at 0x716e0000 of 64 bytes failed: Only part of a ReadProcessMemory or WriteProcessMemory request was completed. (0x12B)
[1113/120521:WARNING:pe_image_reader.cc(281)] could not read dos header from C:\Windows\SYSTEM32\WINHTTP.dll
[1113/120521:ERROR:process_reader_win.cc(233)] ReadMemory at 0x742a0000 of 64 bytes failed: Only part of a ReadProcessMemory or WriteProcessMemory request was completed. (0x12B)
[1113/120521:WARNING:pe_image_reader.cc(281)] could not read dos header from C:\Windows\SYSTEM32\dbghelp.dll
[1113/120521:ERROR:process_reader_win.cc(233)] ReadMemory at 0x75b60000 of 64 bytes failed: Only part of a ReadProcessMemory or WriteProcessMemory request was completed. (0x12B)
[1113/120521:WARNING:pe_image_reader.cc(281)] could not read dos header from C:\Windows\SYSTEM32\ole32.dll
[1113/120521:ERROR:process_reader_win.cc(233)] ReadMemory at 0x76c90000 of 64 bytes failed: Only part of a ReadProcessMemory or WriteProcessMemory request was completed. (0x12B)
[1113/120521:WARNING:pe_image_reader.cc(281)] could not read dos header from C:\Windows\SYSTEM32\OLEAUT32.dll
[1113/120521:ERROR:process_reader_win.cc(233)] ReadMemory at 0x77080000 of 64 bytes failed: Only part of a ReadProcessMemory or WriteProcessMemory request was completed. (0x12B)
[1113/120521:WARNING:pe_image_reader.cc(281)] could not read dos header from C:\Windows\SYSTEM32\PSAPI.DLL
[1113/120521:ERROR:process_reader_win.cc(233)] ReadMemory at 0x76c30000 of 64 bytes failed: Only part of a ReadProcessMemory or WriteProcessMemory request was completed. (0x12B)
[1113/120521:WARNING:pe_image_reader.cc(281)] could not read dos header from C:\Windows\SYSTEM32\WS2_32.dll
[1113/120521:ERROR:process_reader_win.cc(233)] ReadMemory at 0x72d70000 of 64 bytes failed: Only part of a ReadProcessMemory or WriteProcessMemory request was completed. (0x12B)
[1113/120521:WARNING:pe_image_reader.cc(281)] could not read dos header from C:\Windows\WinSxS\x86_microsoft.windows.common-controls_6595b64144ccf1df_6.0.10586.0_none_d3c2e4e965da4528\COMCTL32.dll
[1113/120521:ERROR:process_reader_win.cc(233)] ReadMemory at 0x76440000 of 64 bytes failed: Only part of a ReadProcessMemory or WriteProcessMemory request was completed. (0x12B)
[1113/120521:WARNING:pe_image_reader.cc(281)] could not read dos header from C:\Windows\SYSTEM32\FirewallAPI.dll
[1113/120521:ERROR:process_reader_win.cc(233)] ReadMemory at 0x604b0000 of 64 bytes failed: Only part of a ReadProcessMemory or WriteProcessMemory request was completed. (0x12B)
[1113/120521:WARNING:pe_image_reader.cc(281)] could not read dos header from C:\Windows\SYSTEM32\fwbase.dll
[1113/120521:ERROR:process_reader_win.cc(233)] ReadMemory at 0x768b0000 of 64 bytes failed: Only part of a ReadProcessMemory or WriteProcessMemory request was completed. (0x12B)
[1113/120521:WARNING:pe_image_reader.cc(281)] could not read dos header from C:\Windows\SYSTEM32\NETAPI32.dll
[1113/120521:ERROR:process_reader_win.cc(233)] ReadMemory at 0x69f60000 of 64 bytes failed: Only part of a ReadProcessMemory or WriteProcessMemory request was completed. (0x12B)
[1113/120521:WARNING:pe_image_reader.cc(281)] could not read dos header from C:\Windows\SYSTEM32\DAVHLPR.DLL
[1113/120521:ERROR:process_reader_win.cc(233)] ReadMemory at 0x76590000 of 64 bytes failed: Only part of a ReadProcessMemory or WriteProcessMemory request was completed. (0x12B)
[1113/120521:WARNING:pe_image_reader.cc(281)] could not read dos header from C:\Windows\SYSTEM32\COMDLG32.dll
[1113/120521:ERROR:process_reader_win.cc(233)] ReadMemory at 0x601c0000 of 64 bytes failed: Only part of a ReadProcessMemory or WriteProcessMemory request was completed. (0x12B)
[1113/120521:WARNING:pe_image_reader.cc(281)] could not read dos header from C:\Windows\SYSTEM32\USP10.dll
[1113/120521:ERROR:process_reader_win.cc(233)] ReadMemory at 0x73cc0000 of 64 bytes failed: Only part of a ReadProcessMemory or WriteProcessMemory request was completed. (0x12B)
[1113/120521:WARNING:pe_image_reader.cc(281)] could not read dos header from C:\Windows\SYSTEM32\bcrypt.dll
[1113/120521:ERROR:process_reader_win.cc(233)] ReadMemory at 0x73320000 of 64 bytes failed: Only part of a ReadProcessMemory or WriteProcessMemory request was completed. (0x12B)
[1113/120521:WARNING:pe_image_reader.cc(281)] could not read dos header from C:\Windows\SYSTEM32\WINSPOOL.DRV
[1113/120521:ERROR:process_reader_win.cc(233)] ReadMemory at 0x73f90000 of 64 bytes failed: Only part of a ReadProcessMemory or WriteProcessMemory request was completed. (0x12B)
[1113/120521:WARNING:pe_image_reader.cc(281)] could not read dos header from C:\Windows\SYSTEM32\IPHLPAPI.DLL
[1113/120521:ERROR:process_reader_win.cc(233)] ReadMemory at 0x72cf0000 of 64 bytes failed: Only part of a ReadProcessMemory or WriteProcessMemory request was completed. (0x12B)
[1113/120521:WARNING:pe_image_reader.cc(281)] could not read dos header from C:\Windows\SYSTEM32\Secur32.dll
[1113/120521:ERROR:process_reader_win.cc(233)] ReadMemory at 0x65640000 of 64 bytes failed: Only part of a ReadProcessMemory or WriteProcessMemory request was completed. (0x12B)
[1113/120521:WARNING:pe_image_reader.cc(281)] could not read dos header from C:\Windows\SYSTEM32\DWrite.dll
[1113/120521:ERROR:process_reader_win.cc(233)] ReadMemory at 0x76d40000 of 64 bytes failed: Only part of a ReadProcessMemory or WriteProcessMemory request was completed. (0x12B)
[1113/120521:WARNING:pe_image_reader.cc(281)] could not read dos header from C:\Windows\SYSTEM32\MSASN1.dll
[1113/120521:ERROR:process_reader_win.cc(233)] ReadMemory at 0x76dd0000 of 64 bytes failed: Only part of a ReadProcessMemory or WriteProcessMemory request was completed. (0x12B)
[1113/120521:WARNING:pe_image_reader.cc(281)] could not read dos header from C:\Windows\SYSTEM32\CRYPT32.dll
[1113/120521:ERROR:process_reader_win.cc(233)] ReadMemory at 0x75c50000 of 64 bytes failed: Only part of a ReadProcessMemory or WriteProcessMemory request was completed. (0x12B)
[1113/120521:WARNING:pe_image_reader.cc(281)] could not read dos header from C:\Windows\SYSTEM32\WINTRUST.dll
[1113/120521:ERROR:process_reader_win.cc(233)] ReadMemory at 0x55dc0000 of 64 bytes failed: Only part of a ReadProcessMemory or WriteProcessMemory request was completed. (0x12B)
[1113/120521:WARNING:pe_image_reader.cc(281)] could not read dos header from C:\Program Files (x86)\Google\Chrome\Application\54.0.2840.99\chrome_child.dll
[1113/120521:ERROR:process_reader_win.cc(233)] ReadMemory at 0x187000 of 36864 bytes failed: Only part of a ReadProcessMemory or WriteProcessMemory request was completed. (0x12B)
[1113/120521:ERROR:crash_report_exception_handler.cc(98)] WriteEverything failed
[1113/120521:ERROR:scoped_process_suspend.cc(38)] NtResumeProcess: An attempt was made to access an exiting process.  (0xc000010a)
